# JRE version: OpenJDK Runtime Environment (11.0.8+10) (build 11.0.8+10-b944.6842174)
# Java VM: OpenJDK 64-Bit Server VM (11.0.8+10-b944.6842174, mixed mode, tiered, compressed oops, g1 gc, windows-amd64)
Heap:
 garbage-first heap   total 552960K, used 269827K [0x00000000a0000000, 0x0000000100000000)
  region size 1024K, 67 young (68608K), 9 survivors (9216K)
 Metaspace       used 118248K, capacity 122028K, committed 122316K, reserved 1155072K
  class space    used 14905K, capacity 16226K, committed 16332K, reserved 1048576K
GC Heap History (20 events):
Event: 385.586 GC heap before
{Heap before GC invocations=71 (full 0):
 garbage-first heap   total 336896K, used 294163K [0x00000000a0000000, 0x0000000100000000)
  region size 1024K, 112 young (114688K), 13 survivors (13312K)
 Metaspace       used 105562K, capacity 109105K, committed 109260K, reserved 1144832K
  class space    used 13409K, capacity 14720K, committed 14796K, reserved 1048576K
}
Event: 385.607 GC heap after
{Heap after GC invocations=72 (full 0):
 garbage-first heap   total 336896K, used 184105K [0x00000000a0000000, 0x0000000100000000)
  region size 1024K, 6 young (6144K), 6 survivors (6144K)
 Metaspace       used 105562K, capacity 109105K, committed 109260K, reserved 1144832K
  class space    used 13409K, capacity 14720K, committed 14796K, reserved 1048576K
}
Event: 386.462 GC heap before
{Heap before GC invocations=72 (full 0):
 garbage-first heap   total 336896K, used 293673K [0x00000000a0000000, 0x0000000100000000)
  region size 1024K, 113 young (115712K), 6 survivors (6144K)
 Metaspace       used 105588K, capacity 109112K, committed 109260K, reserved 1144832K
  class space    used 13416K, capacity 14722K, committed 14796K, reserved 1048576K
}
Event: 386.475 GC heap after
{Heap after GC invocations=73 (full 0):
 garbage-first heap   total 336896K, used 184872K [0x00000000a0000000, 0x0000000100000000)
  region size 1024K, 6 young (6144K), 6 survivors (6144K)
 Metaspace       used 105588K, capacity 109112K, committed 109260K, reserved 1144832K
  class space    used 13416K, capacity 14722K, committed 14796K, reserved 1048576K
}
Event: 387.314 GC heap before
{Heap before GC invocations=73 (full 0):
 garbage-first heap   total 336896K, used 295464K [0x00000000a0000000, 0x0000000100000000)
  region size 1024K, 114 young (116736K), 6 survivors (6144K)
 Metaspace       used 105590K, capacity 109112K, committed 109260K, reserved 1144832K
  class space    used 13416K, capacity 14722K, committed 14796K, reserved 1048576K
}
Event: 387.329 GC heap after
{Heap after GC invocations=74 (full 0):
 garbage-first heap   total 336896K, used 186747K [0x00000000a0000000, 0x0000000100000000)
  region size 1024K, 8 young (8192K), 8 survivors (8192K)
 Metaspace       used 105590K, capacity 109112K, committed 109260K, reserved 1144832K
  class space    used 13416K, capacity 14722K, committed 14796K, reserved 1048576K
}
Event: 388.221 GC heap before
{Heap before GC invocations=74 (full 0):
 garbage-first heap   total 336896K, used 294267K [0x00000000a0000000, 0x0000000100000000)
  region size 1024K, 113 young (115712K), 8 survivors (8192K)
 Metaspace       used 105623K, capacity 109114K, committed 109260K, reserved 1144832K
  class space    used 13416K, capacity 14722K, committed 14796K, reserved 1048576K
}
Event: 388.239 GC heap after
{Heap after GC invocations=75 (full 0):
 garbage-first heap   total 336896K, used 188627K [0x00000000a0000000, 0x0000000100000000)
  region size 1024K, 10 young (10240K), 10 survivors (10240K)
 Metaspace       used 105623K, capacity 109114K, committed 109260K, reserved 1144832K
  class space    used 13416K, capacity 14722K, committed 14796K, reserved 1048576K
}
Event: 389.583 GC heap before
{Heap before GC invocations=75 (full 0):
 garbage-first heap   total 336896K, used 256211K [0x00000000a0000000, 0x0000000100000000)
  region size 1024K, 71 young (72704K), 10 survivors (10240K)
 Metaspace       used 106127K, capacity 109616K, committed 109772K, reserved 1144832K
  class space    used 13480K, capacity 14759K, committed 14796K, reserved 1048576K
}
Event: 389.627 GC heap after
{Heap after GC invocations=76 (full 0):
 garbage-first heap   total 336896K, used 190467K [0x00000000a0000000, 0x0000000100000000)
  region size 1024K, 8 young (8192K), 8 survivors (8192K)
 Metaspace       used 106127K, capacity 109616K, committed 109772K, reserved 1144832K
  class space    used 13480K, capacity 14759K, committed 14796K, reserved 1048576K
}
Event: 392.331 GC heap before
{Heap before GC invocations=77 (full 0):
 garbage-first heap   total 336896K, used 301059K [0x00000000a0000000, 0x0000000100000000)
  region size 1024K, 107 young (109568K), 8 survivors (8192K)
 Metaspace       used 106569K, capacity 110019K, committed 110412K, reserved 1144832K
  class space    used 13489K, capacity 14742K, committed 14924K, reserved 1048576K
}
Event: 392.494 GC heap after
{Heap after GC invocations=78 (full 0):
 garbage-first heap   total 345088K, used 222493K [0x00000000a0000000, 0x0000000100000000)
  region size 1024K, 14 young (14336K), 14 survivors (14336K)
 Metaspace       used 106569K, capacity 110019K, committed 110412K, reserved 1144832K
  class space    used 13489K, capacity 14742K, committed 14924K, reserved 1048576K
}
Event: 392.558 GC heap before
{Heap before GC invocations=78 (full 0):
 garbage-first heap   total 345088K, used 224541K [0x00000000a0000000, 0x0000000100000000)
  region size 1024K, 16 young (16384K), 14 survivors (14336K)
 Metaspace       used 106569K, capacity 110019K, committed 110412K, reserved 1144832K
  class space    used 13489K, capacity 14742K, committed 14924K, reserved 1048576K
}
Event: 392.640 GC heap after
{Heap after GC invocations=79 (full 0):
 garbage-first heap   total 345088K, used 192484K [0x00000000a0000000, 0x0000000100000000)
  region size 1024K, 2 young (2048K), 2 survivors (2048K)
 Metaspace       used 106569K, capacity 110019K, committed 110412K, reserved 1144832K
  class space    used 13489K, capacity 14742K, committed 14924K, reserved 1048576K
}
Event: 393.192 GC heap before
{Heap before GC invocations=79 (full 0):
 garbage-first heap   total 345088K, used 205796K [0x00000000a0000000, 0x0000000100000000)
  region size 1024K, 16 young (16384K), 2 survivors (2048K)
 Metaspace       used 106578K, capacity 110083K, committed 110412K, reserved 1144832K
  class space    used 13489K, capacity 14742K, committed 14924K, reserved 1048576K
}
Event: 393.302 GC heap after
{Heap after GC invocations=80 (full 0):
 garbage-first heap   total 345088K, used 168959K [0x00000000a0000000, 0x0000000100000000)
  region size 1024K, 2 young (2048K), 2 survivors (2048K)
 Metaspace       used 106578K, capacity 110083K, committed 110412K, reserved 1144832K
  class space    used 13489K, capacity 14742K, committed 14924K, reserved 1048576K
}
Event: 398.303 GC heap before
{Heap before GC invocations=80 (full 0):
 garbage-first heap   total 345088K, used 277503K [0x00000000a0000000, 0x0000000100000000)
  region size 1024K, 95 young (97280K), 2 survivors (2048K)
 Metaspace       used 106929K, capacity 110420K, committed 110668K, reserved 1144832K
  class space    used 13509K, capacity 14765K, committed 14924K, reserved 1048576K
}
Event: 398.383 GC heap after
{Heap after GC invocations=81 (full 0):
 garbage-first heap   total 552960K, used 197997K [0x00000000a0000000, 0x0000000100000000)
  region size 1024K, 12 young (12288K), 12 survivors (12288K)
 Metaspace       used 106929K, capacity 110420K, committed 110668K, reserved 1144832K
  class space    used 13509K, capacity 14765K, committed 14924K, reserved 1048576K
}
Event: 411.027 GC heap before
{Heap before GC invocations=81 (full 0):
 garbage-first heap   total 552960K, used 335213K [0x00000000a0000000, 0x0000000100000000)
  region size 1024K, 132 young (135168K), 12 survivors (12288K)
 Metaspace       used 118019K, capacity 121733K, committed 122060K, reserved 1155072K
  class space    used 14878K, capacity 16206K, committed 16332K, reserved 1048576K
}
Event: 411.107 GC heap after
{Heap after GC invocations=82 (full 0):
 garbage-first heap   total 552960K, used 200195K [0x00000000a0000000, 0x0000000100000000)
  region size 1024K, 9 young (9216K), 9 survivors (9216K)
 Metaspace       used 118019K, capacity 121733K, committed 122060K, reserved 1155072K
  class space    used 14878K, capacity 16206K, committed 16332K, reserved 1048576K
}

